src/lib/offline-recommendations.ts(146,11): error TS2345: Argument of type '{ [key: string]: unknown; }[]' is not assignable to parameter of type 'OfflineCollege[]'.
  Type '{ [key: string]: unknown; }' is missing the following properties from type 'OfflineCollege': id, name, type, location, and 4 more.
src/lib/offline-recommendations.ts(164,11): error TS2345: Argument of type '{ [key: string]: unknown; }[]' is not assignable to parameter of type 'OfflineScholarship[]'.
  Type '{ [key: string]: unknown; }' is missing the following properties from type 'OfflineScholarship': id, name, description, amount, and 7 more.
src/lib/sarthi-ai.ts(815,28): error TS2571: Object is of type 'unknown'.
src/lib/services/document-storage-service.ts(144,10): error TS2769: No overload matches this call.
  Overload 1 of 2, '(values: never, options?: { count?: "exact" | "planned" | "estimated" | undefined; } | undefined): PostgrestFilterBuilder<{ PostgrestVersion: "12"; }, never, never, null, "document_metadata", never, "POST">', gave the following error.
    Argument of type '{ user_id: string; file_name: string; file_path: string; file_size: number; file_type: string; bucket_name: StorageBucket; document_type: DocumentType | undefined; application_id: string | undefined; college_id: string | undefined; }' is not assignable to parameter of type 'never'.
  Overload 2 of 2, '(values: never[], options?: { count?: "exact" | "planned" | "estimated" | undefined; defaultToNull?: boolean | undefined; } | undefined): PostgrestFilterBuilder<{ PostgrestVersion: "12"; }, never, never, null, "document_metadata", never, "POST">', gave the following error.
    Object literal may only specify known properties, and 'user_id' does not exist in type 'never[]'.
src/lib/services/document-storage-service.ts(275,17): error TS2345: Argument of type '{ is_active: boolean; updated_at: string; }' is not assignable to parameter of type 'never'.
src/lib/sync-engine.ts(186,71): error TS2769: No overload matches this call.
  Overload 1 of 2, '(values: never, options?: { count?: "exact" | "planned" | "estimated" | undefined; } | undefined): PostgrestFilterBuilder<{ PostgrestVersion: "12"; }, never, never, null, "assessment_responses", never, "POST">', gave the following error.
    Argument of type '{ session_id: string; question_id: string; user_answer: number; time_taken: number; is_correct: boolean | undefined; answered_at: string; }' is not assignable to parameter of type 'never'.
  Overload 2 of 2, '(values: never[], options?: { count?: "exact" | "planned" | "estimated" | undefined; defaultToNull?: boolean | undefined; } | undefined): PostgrestFilterBuilder<{ PostgrestVersion: "12"; }, never, never, null, "assessment_responses", never, "POST">', gave the following error.
    Object literal may only specify known properties, and 'session_id' does not exist in type 'never[]'.
src/lib/sync-engine.ts(217,70): error TS2769: No overload matches this call.
  Overload 1 of 2, '(values: never, options?: { onConflict?: string | undefined; ignoreDuplicates?: boolean | undefined; count?: "exact" | "planned" | "estimated" | undefined; } | undefined): PostgrestFilterBuilder<{ ...; }, ... 5 more ..., "POST">', gave the following error.
    Argument of type '{ id: string; user_id: string; status: "not_started" | "in_progress" | "completed"; started_at: string | undefined; completed_at: string | undefined; aptitude_scores: Record<string, number> | undefined; ... 8 more ...; session_type: string; }' is not assignable to parameter of type 'never'.
  Overload 2 of 2, '(values: never[], options?: { onConflict?: string | undefined; ignoreDuplicates?: boolean | undefined; count?: "exact" | "planned" | "estimated" | undefined; defaultToNull?: boolean | undefined; } | undefined): PostgrestFilterBuilder<...>', gave the following error.
    Object literal may only specify known properties, and 'id' does not exist in type 'never[]'.
src/lib/sync-engine.ts(264,64): error TS2769: No overload matches this call.
  Overload 1 of 2, '(values: never, options?: { count?: "exact" | "planned" | "estimated" | undefined; } | undefined): PostgrestFilterBuilder<{ PostgrestVersion: "12"; }, never, never, null, "chat_messages", never, "POST">', gave the following error.
    Argument of type '{ session_id: string; type: "user" | "assistant" | "system"; content: string; timestamp: string; metadata: { capability_used?: string; confidence_score?: number; processing_time_ms?: number; is_offline_response?: boolean; } | undefined; }' is not assignable to parameter of type 'never'.
  Overload 2 of 2, '(values: never[], options?: { count?: "exact" | "planned" | "estimated" | undefined; defaultToNull?: boolean | undefined; } | undefined): PostgrestFilterBuilder<{ PostgrestVersion: "12"; }, never, never, null, "chat_messages", never, "POST">', gave the following error.
    Object literal may only specify known properties, and 'session_id' does not exist in type 'never[]'.
src/lib/sync-engine.ts(296,17): error TS2345: Argument of type '{ phone: string | undefined; first_name: string; last_name: string; date_of_birth: string | undefined; gender: string | undefined; class_level: string | undefined; stream: string | undefined; location: Record<...> | undefined; interests: string[] | undefined; avatar_url: string | undefined; updated_at: string; }' is not assignable to parameter of type 'never'.
src/lib/sync-engine.ts(369,42): error TS2345: Argument of type '{ cached_at: string; last_synced: string; }[]' is not assignable to parameter of type 'OfflineCollege[]'.
  Type '{ cached_at: string; last_synced: string; }' is missing the following properties from type 'OfflineCollege': id, name, type, location, and 2 more.
src/lib/sync-engine.ts(394,46): error TS2345: Argument of type '{ cached_at: string; last_synced: string; }[]' is not assignable to parameter of type 'OfflineScholarship[]'.
  Type '{ cached_at: string; last_synced: string; }' is missing the following properties from type 'OfflineScholarship': id, name, description, amount, and 5 more.
src/lib/test-generator.ts(337,59): error TS2769: No overload matches this call.
  Overload 1 of 2, '(values: never, options?: { count?: "exact" | "planned" | "estimated" | undefined; } | undefined): PostgrestFilterBuilder<{ PostgrestVersion: string; }, never, never, null, "tests", never, "POST">', gave the following error.
    Argument of type '{ test_id: string; student_id: string; grade: number; test_type: string; questions: string[]; total_marks: number; time_limit_seconds: number; created_at: string; }[]' is not assignable to parameter of type 'never'.
  Overload 2 of 2, '(values: never[], options?: { count?: "exact" | "planned" | "estimated" | undefined; defaultToNull?: boolean | undefined; } | undefined): PostgrestFilterBuilder<{ PostgrestVersion: string; }, never, never, null, "tests", never, "POST">', gave the following error.
    Type '{ test_id: string; student_id: string; grade: number; test_type: string; questions: string[]; total_marks: number; time_limit_seconds: number; created_at: string; }' is not assignable to type 'never'.
src/lib/test-generator.ts(397,33): error TS2339: Property 'questions' does not exist on type 'never'.
src/lib/test-generator.ts(406,9): error TS2322: Type 'string' is not assignable to type 'number'.
src/lib/test-generator.ts(410,9): error TS2322: Type 'unknown' is not assignable to type 'number'.
src/lib/test-generator.ts(416,9): error TS2322: Type 'unknown' is not assignable to type 'string'.
src/lib/utils/college-db-utils.ts(114,8): error TS2769: No overload matches this call.
  Overload 1 of 2, '(values: never, options?: { count?: "exact" | "planned" | "estimated" | undefined; } | undefined): PostgrestFilterBuilder<{ PostgrestVersion: "12"; }, never, never, null, "colleges", never, "POST">', gave the following error.
    Argument of type '{ id?: string | undefined; name: string; type: "government" | "government_aided" | "private" | "deemed"; location: { state: string; city: string; district?: string | undefined; coordinates?: { ...; } | undefined; }; ... 22 more ...; updated_at?: string | undefined; }[]' is not assignable to parameter of type 'never'.
  Overload 2 of 2, '(values: never[], options?: { count?: "exact" | "planned" | "estimated" | undefined; defaultToNull?: boolean | undefined; } | undefined): PostgrestFilterBuilder<{ PostgrestVersion: "12"; }, never, never, null, "colleges", never, "POST">', gave the following error.
    Type '{ id?: string | undefined; name: string; type: "government" | "government_aided" | "private" | "deemed"; location: { state: string; city: string; district?: string | undefined; coordinates?: { ...; } | undefined; }; ... 22 more ...; updated_at?: string | undefined; }' is not assignable to type 'never'.
src/lib/utils/college-db-utils.ts(133,7): error TS2740: Type '{}' is missing the following properties from type 'Course[]': length, pop, push, concat, and 35 more.
src/lib/utils/college-db-utils.ts(134,7): error TS2740: Type '{}' is missing the following properties from type 'Notice[]': length, pop, push, concat, and 35 more.
src/lib/utils/college-db-utils.ts(178,7): error TS2740: Type '{}' is missing the following properties from type 'Course[]': length, pop, push, concat, and 35 more.
src/lib/utils/college-db-utils.ts(179,7): error TS2740: Type '{}' is missing the following properties from type 'Notice[]': length, pop, push, concat, and 35 more.
src/lib/utils/college-db-utils.ts(232,15): error TS2345: Argument of type '{ id?: string | undefined; name?: string | undefined; type?: "government" | "government_aided" | "private" | "deemed" | undefined; location?: { state: string; city: string; district?: string | undefined; coordinates?: { ...; } | undefined; } | undefined; ... 22 more ...; updated_at?: string | undefined; }' is not assignable to parameter of type 'never'.
src/lib/utils/college-db-utils.ts(252,7): error TS2740: Type '{}' is missing the following properties from type 'Course[]': length, pop, push, concat, and 35 more.
src/lib/utils/college-db-utils.ts(253,7): error TS2740: Type '{}' is missing the following properties from type 'Notice[]': length, pop, push, concat, and 35 more.
src/lib/utils/college-db-utils.ts(316,8): error TS2769: No overload matches this call.
  Overload 1 of 2, '(values: never, options?: { count?: "exact" | "planned" | "estimated" | undefined; } | undefined): PostgrestFilterBuilder<{ PostgrestVersion: "12"; }, never, never, null, "college_courses", never, "POST">', gave the following error.
    Argument of type '{ id?: string | undefined; college_id: string; name: string; description?: string | null | undefined; duration?: string | null | undefined; eligibility?: string | null | undefined; fees?: { ...; } | ... 1 more ... | undefined; seats?: number | ... 1 more ... | undefined; is_active?: boolean | undefined; created_at?:...' is not assignable to parameter of type 'never'.
  Overload 2 of 2, '(values: never[], options?: { count?: "exact" | "planned" | "estimated" | undefined; defaultToNull?: boolean | undefined; } | undefined): PostgrestFilterBuilder<{ PostgrestVersion: "12"; }, never, never, null, "college_courses", never, "POST">', gave the following error.
    Type '{ id?: string | undefined; college_id: string; name: string; description?: string | null | undefined; duration?: string | null | undefined; eligibility?: string | null | undefined; fees?: { ...; } | ... 1 more ... | undefined; seats?: number | ... 1 more ... | undefined; is_active?: boolean | undefined; created_at?:...' is not assignable to type 'never'.
src/lib/utils/college-db-utils.ts(349,15): error TS2345: Argument of type '{ updated_at: string; college_id?: string | undefined; name?: string | undefined; description?: string | undefined; duration?: string | undefined; eligibility?: string | undefined; fees?: { tuition: number; other: number; total: number; } | undefined; seats?: number | undefined; is_active?: boolean | undefined; }' is not assignable to parameter of type 'never'.
src/lib/utils/college-db-utils.ts(377,15): error TS2345: Argument of type '{ is_active: boolean; updated_at: string; }' is not assignable to parameter of type 'never'.
src/lib/utils/college-db-utils.ts(479,8): error TS2769: No overload matches this call.
  Overload 1 of 2, '(values: never, options?: { count?: "exact" | "planned" | "estimated" | undefined; } | undefined): PostgrestFilterBuilder<{ PostgrestVersion: "12"; }, never, never, null, "college_notices", never, "POST">', gave the following error.
    Argument of type '{ id?: string | undefined; college_id: string; title: string; content: string; type?: "general" | "admission" | "event" | "urgent" | undefined; is_active?: boolean | undefined; published_at?: string | undefined; expires_at?: string | ... 1 more ... | undefined; created_at?: string | undefined; updated_at?: string | ...' is not assignable to parameter of type 'never'.
  Overload 2 of 2, '(values: never[], options?: { count?: "exact" | "planned" | "estimated" | undefined; defaultToNull?: boolean | undefined; } | undefined): PostgrestFilterBuilder<{ PostgrestVersion: "12"; }, never, never, null, "college_notices", never, "POST">', gave the following error.
    Type '{ id?: string | undefined; college_id: string; title: string; content: string; type?: "general" | "admission" | "event" | "urgent" | undefined; is_active?: boolean | undefined; published_at?: string | undefined; expires_at?: string | ... 1 more ... | undefined; created_at?: string | undefined; updated_at?: string | ...' is not assignable to type 'never'.
src/lib/utils/college-db-utils.ts(519,8): error TS2769: No overload matches this call.
  Overload 1 of 2, '(values: never, options?: { count?: "exact" | "planned" | "estimated" | undefined; } | undefined): PostgrestFilterBuilder<{ PostgrestVersion: "12"; }, never, never, null, "student_applications", never, "POST">', gave the following error.
    Argument of type '{ id?: string | undefined; student_id: string; college_id: string; full_name: string; email: string; phone: string; class_stream: string; documents: { academic_documents: string[]; identity_documents: string[]; other_documents?: string[] | undefined; }; ... 6 more ...; updated_at?: string | undefined; }[]' is not assignable to parameter of type 'never'.
  Overload 2 of 2, '(values: never[], options?: { count?: "exact" | "planned" | "estimated" | undefined; defaultToNull?: boolean | undefined; } | undefined): PostgrestFilterBuilder<{ PostgrestVersion: "12"; }, never, never, null, "student_applications", never, "POST">', gave the following error.
    Type '{ id?: string | undefined; student_id: string; college_id: string; full_name: string; email: string; phone: string; class_stream: string; documents: { academic_documents: string[]; identity_documents: string[]; other_documents?: string[] | undefined; }; ... 6 more ...; updated_at?: string | undefined; }' is not assignable to type 'never'.
src/lib/utils/college-db-utils.ts(610,14): error TS2322: Type '{ college_name: unknown; college_slug: {}; }[]' is not assignable to type '(StudentApplicationData & { college_name: string; college_slug: string; })[]'.
  Type '{ college_name: unknown; college_slug: {}; }' is not assignable to type 'StudentApplicationData & { college_name: string; college_slug: string; }'.
    Type '{ college_name: unknown; college_slug: {}; }' is missing the following properties from type 'StudentApplicationData': student_id, college_id, full_name, email, and 3 more.
src/lib/utils/college-db-utils.ts(645,15): error TS2345: Argument of type '{ id?: string | undefined; student_id?: string | undefined; college_id?: string | undefined; full_name?: string | undefined; email?: string | undefined; phone?: string | undefined; ... 8 more ...; updated_at?: string | undefined; }' is not assignable to parameter of type 'never'.
src/lib/utils/college-db-utils.ts(689,11): error TS2322: Type '{ slug: {}; courses: {}; notices: {}; events: never[]; }[]' is not assignable to type 'CollegeProfileData[]'.
  Type '{ slug: {}; courses: {}; notices: {}; events: never[]; }' is missing the following properties from type 'CollegeProfileData': id, name, type, location, and 5 more.
src/lib/utils/pagination.ts(233,44): error TS2345: Argument of type 'unknown' is not assignable to parameter of type '{ select: (fields: string, options: { count: string; }) => Promise<{ count: number | null; error: unknown; }>; }'.
src/lib/utils/pagination.ts(236,47): error TS2345: Argument of type 'unknown' is not assignable to parameter of type '{ range: (from: number, to: number) => unknown; }'.
src/middleware.ts(534,17): error TS2589: Type instantiation is excessively deep and possibly infinite.
src/middleware.ts(534,50): error TS2345: Argument of type 'SupabaseClient<Database, "public", "public", never, { PostgrestVersion: "12"; }>' is not assignable to parameter of type '{ from: (table: string) => { select: (fields: string) => { eq: (field: string, value: string) => { single: () => Promise<{ data: unknown; error: unknown; }>; }; }; }; }'.
  The types returned by 'from(...).select(...).eq(...).single()' are incompatible between these types.
    Type 'PostgrestBuilder<{ PostgrestVersion: "12"; }, GenericStringError, false>' is missing the following properties from type 'Promise<{ data: unknown; error: unknown; }>': catch, finally, [Symbol.toStringTag]
